0 info it worked if it ends with ok
1 verbose cli [ '/usr/bin/node',
1 verbose cli   '/usr/bin/npm',
1 verbose cli   'config',
1 verbose cli   'set',
1 verbose cli   'python',
1 verbose cli   '/usr/bin/python2',
1 verbose cli   '-g' ]
2 info using npm@1.4.14
3 info using node@v0.10.29
4 verbose node symlink /usr/bin/node
5 info config set "python" "/usr/bin/python2"
6 error Error: EACCES, mkdir '/usr/etc'
6 error  { [Error: EACCES, mkdir '/usr/etc'] errno: 3, code: 'EACCES', path: '/usr/etc' }
7 error Please try running this command again as root/Administrator.
8 error System Linux 3.11.0-15-generic
9 error command "/usr/bin/node" "/usr/bin/npm" "config" "set" "python" "/usr/bin/python2" "-g"
10 error cwd /home/morpheyesh/megamsys/nilavu
11 error node -v v0.10.29
12 error npm -v 1.4.14
13 error path /usr/etc
14 error code EACCES
15 error errno 3
16 error stack Error: EACCES, mkdir '/usr/etc'
17 verbose exit [ 3, true ]
